<?xml version="1.0" encoding="UTF-8"?>
<testng-results skipped="0" failed="0" ignored="0" total="1" passed="1">
  <reporter-output>
  </reporter-output>
  <suite name="Default suite" duration-ms="17910" started-at="2020-04-07T18:15:56 IST" finished-at="2020-04-07T18:16:14 IST">
    <groups>
    </groups>
    <test name="Default test" duration-ms="17910" started-at="2020-04-07T18:15:56 IST" finished-at="2020-04-07T18:16:14 IST">
      <class name="Selenium.Login1">
        <test-method status="PASS" signature="loginpage()[pri:0, instance:Selenium.Login1@2a17b7b6]" name="loginpage" duration-ms="17786" started-at="2020-04-07T18:15:56 IST" finished-at="2020-04-07T18:16:14 IST">
          <reporter-output>
          </reporter-output>
        </test-method> <!-- loginpage -->
      </class> <!-- Selenium.Login1 -->
    </test> <!-- Default test -->
  </suite> <!-- Default suite -->
</testng-results>
